<?xml version="1.0" encoding="iso-8859-1"?>
<!DOCTYPE struts-config PUBLIC
          "-//Apache Software Foundation//DTD Struts Configuration 1.2//EN"
          "http://struts.apache.org/dtds/struts-config_1_2.dtd">

<struts-config>

	<!-- Beans -->
	<form-beans>
	</form-beans>

	<action-mappings>
	</action-mappings>

	<!-- 
	<plug-in className="org.apache.struts.validator.ValidatorPlugIn">
		<set-property property="pathnames" value="/WEB-INF/validation.xml,/WEB-INF/validator-rules.xml"/>
	</plug-in>
	 -->
</struts-config>
